0 info it worked if it ends with ok
1 verbose cli [ '/usr/local/Cellar/node/6.3.1/bin/node',
1 verbose cli   '/usr/local/bin/npm',
1 verbose cli   'start' ]
2 info using npm@3.10.3
3 info using node@v6.3.1
4 verbose run-script [ 'prestart', 'start', 'poststart' ]
5 info lifecycle express_example@0.0.1~prestart: express_example@0.0.1
6 silly lifecycle express_example@0.0.1~prestart: no script for prestart, continuing
7 info lifecycle express_example@0.0.1~start: express_example@0.0.1
8 verbose lifecycle express_example@0.0.1~start: unsafe-perm in lifecycle true
9 verbose lifecycle express_example@0.0.1~start: PATH: /usr/local/lib/node_modules/npm/bin/node-gyp-bin:/Users/nataliedeclerck/Documents/new/node_modules/.bin:/usr/local/Cellar/node/6.3.1/bin:/Users/nataliedeclerck/anaconda2/bin:/usr/local/bin:/usr/local/mysql/bin:/usr/local/sbin:/usr/bin:/usr/sbin:/bin:/sbin:/usr/local/bin:/usr/bin:/bin:/usr/sbin:/sbin:/opt/X11/bin:/Library/TeX/texbin
10 verbose lifecycle express_example@0.0.1~start: CWD: /Users/nataliedeclerck/Documents/new
11 silly lifecycle express_example@0.0.1~start: Args: [ '-c', 'node ./bin/www' ]
12 silly lifecycle express_example@0.0.1~start: Returned: code: 1  signal: null
13 info lifecycle express_example@0.0.1~start: Failed to exec start script
14 verbose stack Error: express_example@0.0.1 start: `node ./bin/www`
14 verbose stack Exit status 1
14 verbose stack     at EventEmitter.<anonymous> (/usr/local/lib/node_modules/npm/lib/utils/lifecycle.js:242:16)
14 verbose stack     at emitTwo (events.js:106:13)
14 verbose stack     at EventEmitter.emit (events.js:191:7)
14 verbose stack     at ChildProcess.<anonymous> (/usr/local/lib/node_modules/npm/lib/utils/spawn.js:40:14)
14 verbose stack     at emitTwo (events.js:106:13)
14 verbose stack     at ChildProcess.emit (events.js:191:7)
14 verbose stack     at maybeClose (internal/child_process.js:852:16)
14 verbose stack     at Process.ChildProcess._handle.onexit (internal/child_process.js:215:5)
15 verbose pkgid express_example@0.0.1
16 verbose cwd /Users/nataliedeclerck/Documents/new
17 error Darwin 14.5.0
18 error argv "/usr/local/Cellar/node/6.3.1/bin/node" "/usr/local/bin/npm" "start"
19 error node v6.3.1
20 error npm  v3.10.3
21 error code ELIFECYCLE
22 error express_example@0.0.1 start: `node ./bin/www`
22 error Exit status 1
23 error Failed at the express_example@0.0.1 start script 'node ./bin/www'.
23 error Make sure you have the latest version of node.js and npm installed.
23 error If you do, this is most likely a problem with the express_example package,
23 error not with npm itself.
23 error Tell the author that this fails on your system:
23 error     node ./bin/www
23 error You can get information on how to open an issue for this project with:
23 error     npm bugs express_example
23 error Or if that isn't available, you can get their info via:
23 error     npm owner ls express_example
23 error There is likely additional logging output above.
24 verbose exit [ 1, true ]
